<?xml version="1.0" encoding="UTF-8"?>
<testng-results skipped="0" failed="0" total="1" passed="1">
  <reporter-output>
  </reporter-output>
  <suite name="Example test run" duration-ms="27" started-at="2019-03-26T05:57:06Z" finished-at="2019-03-26T05:57:07Z">
    <groups>
    </groups>
    <test name="Simple Test" duration-ms="27" started-at="2019-03-26T05:57:06Z" finished-at="2019-03-26T05:57:07Z">
      <class name="Test1JenkinsJava.NewTest">
        <test-method status="PASS" signature="f()[pri:0, instance:Test1JenkinsJava.NewTest@6833ce2c]" name="f" duration-ms="9" started-at="2019-03-26T11:27:07Z" finished-at="2019-03-26T11:27:07Z">
          <reporter-output>
          </reporter-output>
        </test-method> <!-- f -->
      </class> <!-- Test1JenkinsJava.NewTest -->
    </test> <!-- Simple Test -->
  </suite> <!-- Example test run -->
</testng-results>
